app/build/intermediates/manifest_merge_blame_file/debug/manifest-merger-blame-debug-report.txt
1<?xml version="1.0" encoding="utf-8"?>
2<manifest xmlns:android="http://schemas.android.com/apk/res/android"
3    package="com.example.finans"
4    android:versionCode="1"
5    android:versionName="1.0" >
6
7    <uses-sdk
8        android:minSdkVersion="29"
8-->src\main\AndroidManifest.xml
9        android:targetSdkVersion="33" />
9-->src\main\AndroidManifest.xml
10
11    <uses-feature
11-->src\main\AndroidManifest.xml:5:5-7:36
12        android:name="android.hardware.telephony"
12-->src\main\AndroidManifest.xml:6:9-50
13        android:required="false" />
13-->src\main\AndroidManifest.xml:7:9-33
14
15    <uses-permission android:name="android.permission.INTERNET" />
15-->src\main\AndroidManifest.xml:9:5-67
15-->src\main\AndroidManifest.xml:9:22-64
16    <uses-permission android:name="android.permission.VIBRATE" />
16-->src\main\AndroidManifest.xml:10:5-66
16-->src\main\AndroidManifest.xml:10:22-63
17    <uses-permission android:name="android.permission.CAMERA" />
17-->src\main\AndroidManifest.xml:11:5-65
17-->src\main\AndroidManifest.xml:11:22-62
18    <uses-permission android:name="android.permission.READ_EXTERNAL_STORAGE" />
18-->src\main\AndroidManifest.xml:12:5-80
18-->src\main\AndroidManifest.xml:12:22-77
19    <uses-permission android:name="android.permission.ACCESS_FINE_LOCATION" />
19-->src\main\AndroidManifest.xml:13:5-79
19-->src\main\AndroidManifest.xml:13:22-76
20    <uses-permission android:name="android.permission.ACCESS_COARSE_LOCATION" />
20-->src\main\AndroidManifest.xml:14:5-81
20-->src\main\AndroidManifest.xml:14:22-78
21    <uses-permission android:name="android.permission.ACCESS_NETWORK_STATE" />
21-->src\main\AndroidManifest.xml:15:5-78
21-->src\main\AndroidManifest.xml:15:22-76
22    <uses-permission android:name="android.permission.RECEIVE_BOOT_COMPLETED" />
22-->src\main\AndroidManifest.xml:16:5-80
22-->src\main\AndroidManifest.xml:16:22-78
23    <uses-permission android:name="android.permission.FOREGROUND_SERVICE" />
23-->src\main\AndroidManifest.xml:17:5-76
23-->src\main\AndroidManifest.xml:17:22-74
24    <uses-permission android:name="android.permission.READ_SMS" />
24-->src\main\AndroidManifest.xml:18:5-67
24-->src\main\AndroidManifest.xml:18:22-64
25    <uses-permission android:name="android.permission.USE_BIOMETRIC" /> <!-- suppress DeprecatedClassUsageInspection -->
25-->[androidx.biometric:biometric:1.2.0-alpha05] AndroidManifest.xml:22:5-72
25-->[androidx.biometric:biometric:1.2.0-alpha05] AndroidManifest.xml:22:22-69
26    <uses-permission android:name="android.permission.USE_FINGERPRINT" />
26-->[androidx.biometric:biometric:1.2.0-alpha05] AndroidManifest.xml:25:5-74
26-->[androidx.biometric:biometric:1.2.0-alpha05] AndroidManifest.xml:25:22-71
27    <uses-permission android:name="android.permission.ACCESS_WIFI_STATE" />
27-->[com.google.android.libraries.places:places:3.1.0] AndroidManifest.xml:11:5-76
27-->[com.google.android.libraries.places:places:3.1.0] AndroidManifest.xml:11:22-73
28
29    <uses-feature
29-->[com.google.android.gms:play-services-maps:17.0.0] AndroidManifest.xml:26:5-28:35
30        android:glEsVersion="0x00020000"
30-->[com.google.android.gms:play-services-maps:17.0.0] AndroidManifest.xml:27:9-41
31        android:required="true" />
31-->[com.google.android.gms:play-services-maps:17.0.0] AndroidManifest.xml:28:9-32
32
33    <permission
33-->[androidx.core:core:1.10.1] AndroidManifest.xml:22:5-24:47
34        android:name="com.example.finans.DYNAMIC_RECEIVER_NOT_EXPORTED_PERMISSION"
34-->[androidx.core:core:1.10.1] AndroidManifest.xml:23:9-81
35        android:protectionLevel="signature" />
35-->[androidx.core:core:1.10.1] AndroidManifest.xml:24:9-44
36
37    <uses-permission android:name="com.example.finans.DYNAMIC_RECEIVER_NOT_EXPORTED_PERMISSION" />
37-->[androidx.core:core:1.10.1] AndroidManifest.xml:26:5-97
37-->[androidx.core:core:1.10.1] AndroidManifest.xml:26:22-94
38    <uses-permission android:name="com.google.android.finsky.permission.BIND_GET_INSTALL_REFERRER_SERVICE" />
38-->[com.android.installreferrer:installreferrer:1.0] AndroidManifest.xml:9:5-110
38-->[com.android.installreferrer:installreferrer:1.0] AndroidManifest.xml:9:22-107
39
40    <application
40-->src\main\AndroidManifest.xml:21:5-100:19
41        android:allowBackup="true"
41-->src\main\AndroidManifest.xml:22:9-35
42        android:appComponentFactory="androidx.core.app.CoreComponentFactory"
42-->[androidx.core:core:1.10.1] AndroidManifest.xml:28:18-86
43        android:dataExtractionRules="@xml/data_extraction_rules"
43-->src\main\AndroidManifest.xml:23:9-65
44        android:debuggable="true"
45        android:extractNativeLibs="false"
46        android:fullBackupContent="@xml/backup_rules"
46-->src\main\AndroidManifest.xml:24:9-54
47        android:icon="@mipmap/ic_launcher"
47-->src\main\AndroidManifest.xml:25:9-43
48        android:label="@string/app_name"
48-->src\main\AndroidManifest.xml:26:9-41
49        android:supportsRtl="true"
49-->src\main\AndroidManifest.xml:27:9-35
50        android:testOnly="true"
51        android:theme="@style/Theme.Finans" >
51-->src\main\AndroidManifest.xml:28:9-44
52        <activity
52-->src\main\AndroidManifest.xml:30:9-33:40
53            android:name="com.example.finans.settings.SettingsActivity"
53-->src\main\AndroidManifest.xml:31:13-54
54            android:exported="false"
54-->src\main\AndroidManifest.xml:33:13-37
55            android:screenOrientation="portrait" />
55-->src\main\AndroidManifest.xml:32:13-49
56        <activity
56-->src\main\AndroidManifest.xml:34:9-37:40
57            android:name="com.example.finans.AnalyticsActivity"
57-->src\main\AndroidManifest.xml:35:13-46
58            android:exported="false"
58-->src\main\AndroidManifest.xml:37:13-37
59            android:screenOrientation="portrait" />
59-->src\main\AndroidManifest.xml:36:13-49
60        <activity
60-->src\main\AndroidManifest.xml:38:9-41:40
61            android:name="com.example.finans.PlansActivity"
61-->src\main\AndroidManifest.xml:39:13-42
62            android:exported="false"
62-->src\main\AndroidManifest.xml:41:13-37
63            android:screenOrientation="portrait" />
63-->src\main\AndroidManifest.xml:40:13-49
64        <activity
64-->src\main\AndroidManifest.xml:42:9-45:40
65            android:name="com.example.finans.PinCodeActivity"
65-->src\main\AndroidManifest.xml:43:13-44
66            android:exported="false"
66-->src\main\AndroidManifest.xml:45:13-37
67            android:screenOrientation="portrait" />
67-->src\main\AndroidManifest.xml:44:13-49
68        <activity
68-->src\main\AndroidManifest.xml:46:9-49:40
69            android:name="com.example.finans.registration.RegistrationActivity"
69-->src\main\AndroidManifest.xml:47:13-62
70            android:exported="false"
70-->src\main\AndroidManifest.xml:49:13-37
71            android:screenOrientation="portrait" />
71-->src\main\AndroidManifest.xml:48:13-49
72        <activity
72-->src\main\AndroidManifest.xml:50:9-53:99
73            android:name="com.facebook.FacebookActivity"
73-->src\main\AndroidManifest.xml:51:13-57
74            android:configChanges="keyboard|keyboardHidden|screenLayout|screenSize|orientation"
74-->src\main\AndroidManifest.xml:53:13-96
75            android:screenOrientation="portrait"
75-->src\main\AndroidManifest.xml:52:13-49
76            android:theme="@style/com_facebook_activity_theme" />
76-->[com.facebook.android:facebook-common:8.2.0] AndroidManifest.xml:33:13-63
77        <activity
77-->src\main\AndroidManifest.xml:54:9-66:20
78            android:name="com.facebook.CustomTabActivity"
78-->src\main\AndroidManifest.xml:55:13-58
79            android:exported="true"
79-->src\main\AndroidManifest.xml:57:13-36
80            android:screenOrientation="portrait" >
80-->src\main\AndroidManifest.xml:56:13-49
81            <intent-filter>
81-->src\main\AndroidManifest.xml:58:13-65:29
82                <action android:name="android.intent.action.VIEW" />
82-->src\main\AndroidManifest.xml:59:17-69
82-->src\main\AndroidManifest.xml:59:25-66
83
84                <category android:name="android.intent.category.DEFAULT" />
84-->src\main\AndroidManifest.xml:61:17-76
84-->src\main\AndroidManifest.xml:61:27-73
85                <category android:name="android.intent.category.BROWSABLE" />
85-->src\main\AndroidManifest.xml:62:17-78
85-->src\main\AndroidManifest.xml:62:27-75
86
87                <data android:scheme="@string/fb_login_protocol_scheme" />
87-->src\main\AndroidManifest.xml:64:17-75
87-->src\main\AndroidManifest.xml:64:23-72
88            </intent-filter>
89            <intent-filter>
89-->[com.facebook.android:facebook-common:8.2.0] AndroidManifest.xml:39:13-48:29
90                <action android:name="android.intent.action.VIEW" />
90-->src\main\AndroidManifest.xml:59:17-69
90-->src\main\AndroidManifest.xml:59:25-66
91
92                <category android:name="android.intent.category.DEFAULT" />
92-->src\main\AndroidManifest.xml:61:17-76
92-->src\main\AndroidManifest.xml:61:27-73
93                <category android:name="android.intent.category.BROWSABLE" />
93-->src\main\AndroidManifest.xml:62:17-78
93-->src\main\AndroidManifest.xml:62:27-75
94
95                <data
95-->src\main\AndroidManifest.xml:64:17-75
96                    android:host="cct.com.example.finans"
97                    android:scheme="fbconnect" />
97-->src\main\AndroidManifest.xml:64:23-72
98            </intent-filter>
99        </activity>
100        <activity
100-->src\main\AndroidManifest.xml:67:9-78:20
101            android:name="com.example.finans.authorization.AuthorizationActivity"
101-->src\main\AndroidManifest.xml:68:13-64
102            android:exported="true"
102-->src\main\AndroidManifest.xml:70:13-36
103            android:screenOrientation="portrait"
103-->src\main\AndroidManifest.xml:69:13-49
104            android:theme="@style/Theme.App.Starting" >
104-->src\main\AndroidManifest.xml:71:13-54
105            <intent-filter>
105-->src\main\AndroidManifest.xml:72:13-75:29
106                <action android:name="android.intent.action.MAIN" />
106-->src\main\AndroidManifest.xml:73:17-69
106-->src\main\AndroidManifest.xml:73:25-66
107
108                <category android:name="android.intent.category.LAUNCHER" />
108-->src\main\AndroidManifest.xml:74:17-77
108-->src\main\AndroidManifest.xml:74:27-74
109            </intent-filter>
110
111            <meta-data
111-->src\main\AndroidManifest.xml:76:13-77:53
112                android:name="android.app.shortcuts"
112-->src\main\AndroidManifest.xml:76:24-60
113                android:resource="@xml/shortcuts" />
113-->src\main\AndroidManifest.xml:77:17-50
114        </activity>
115        <activity
115-->src\main\AndroidManifest.xml:79:9-86:20
116            android:name="com.example.finans.operation.HomeActivity"
116-->src\main\AndroidManifest.xml:80:13-51
117            android:exported="true"
117-->src\main\AndroidManifest.xml:82:13-36
118            android:screenOrientation="portrait" >
118-->src\main\AndroidManifest.xml:81:13-49
119            <intent-filter>
119-->src\main\AndroidManifest.xml:83:13-85:29
120                <action android:name="android.intent.action.MAIN" />
120-->src\main\AndroidManifest.xml:73:17-69
120-->src\main\AndroidManifest.xml:73:25-66
121            </intent-filter>
122        </activity>
123
124        <meta-data
124-->src\main\AndroidManifest.xml:88:9-90:55
125            android:name="com.facebook.sdk.ApplicationId"
125-->src\main\AndroidManifest.xml:89:13-58
126            android:value="@string/facebook_app_id" />
126-->src\main\AndroidManifest.xml:90:13-52
127        <meta-data
127-->src\main\AndroidManifest.xml:91:9-93:61
128            android:name="com.facebook.sdk.ClientToken"
128-->src\main\AndroidManifest.xml:92:13-56
129            android:value="@string/facebook_client_token" />
129-->src\main\AndroidManifest.xml:93:13-58
130        <meta-data
130-->src\main\AndroidManifest.xml:95:9-96:70
131            android:name="com.google.android.geo.API_KEY"
131-->src\main\AndroidManifest.xml:95:20-65
132            android:value="AIzaSyCoujs0OYiVFqAdFCZ0r0Wj6i2FfQgppOs" />
132-->src\main\AndroidManifest.xml:96:13-68
133
134        <service android:name="com.example.finans.settings.SmsService" />
134-->src\main\AndroidManifest.xml:98:9-55
134-->src\main\AndroidManifest.xml:98:18-53
135        <service
135-->[com.google.firebase:firebase-firestore-ktx:24.6.0] AndroidManifest.xml:11:9-17:19
136            android:name="com.google.firebase.components.ComponentDiscoveryService"
136-->[com.google.firebase:firebase-firestore-ktx:24.6.0] AndroidManifest.xml:12:13-84
137            android:directBootAware="true"
137-->[com.google.firebase:firebase-common:20.3.2] AndroidManifest.xml:34:13-43
138            android:exported="false" >
138-->[com.google.firebase:firebase-firestore-ktx:24.6.0] AndroidManifest.xml:13:13-37
139            <meta-data
139-->[com.google.firebase:firebase-firestore-ktx:24.6.0] AndroidManifest.xml:14:13-16:85
140                android:name="com.google.firebase.components:com.google.firebase.firestore.ktx.FirebaseFirestoreKtxRegistrar"
140-->[com.google.firebase:firebase-firestore-ktx:24.6.0] AndroidManifest.xml:15:17-126
141                android:value="com.google.firebase.components.ComponentRegistrar" />
141-->[com.google.firebase:firebase-firestore-ktx:24.6.0] AndroidManifest.xml:16:17-82
142            <meta-data
142-->[com.google.firebase:firebase-storage-ktx:20.2.0] AndroidManifest.xml:14:13-16:85
143                android:name="com.google.firebase.components:com.google.firebase.storage.ktx.FirebaseStorageKtxRegistrar"
143-->[com.google.firebase:firebase-storage-ktx:20.2.0] AndroidManifest.xml:15:17-122
144                android:value="com.google.firebase.components.ComponentRegistrar" />
144-->[com.google.firebase:firebase-storage-ktx:20.2.0] AndroidManifest.xml:16:17-82
145            <meta-data
145-->[com.google.firebase:firebase-auth-ktx:22.0.0] AndroidManifest.xml:11:13-13:85
146                android:name="com.google.firebase.components:com.google.firebase.auth.ktx.FirebaseAuthKtxRegistrar"
146-->[com.google.firebase:firebase-auth-ktx:22.0.0] AndroidManifest.xml:12:17-116
147                android:value="com.google.firebase.components.ComponentRegistrar" />
147-->[com.google.firebase:firebase-auth-ktx:22.0.0] AndroidManifest.xml:13:17-82
148            <meta-data
148-->[com.google.firebase:firebase-common-ktx:20.3.1] AndroidManifest.xml:14:13-16:85
149                android:name="com.google.firebase.components:com.google.firebase.ktx.FirebaseCommonKtxRegistrar"
149-->[com.google.firebase:firebase-common-ktx:20.3.1] AndroidManifest.xml:15:17-113
150                android:value="com.google.firebase.components.ComponentRegistrar" />
150-->[com.google.firebase:firebase-common-ktx:20.3.1] AndroidManifest.xml:16:17-82
151            <meta-data
151-->[com.google.firebase:firebase-auth:22.0.0] AndroidManifest.xml:69:13-71:85
152                android:name="com.google.firebase.components:com.google.firebase.auth.FirebaseAuthRegistrar"
152-->[com.google.firebase:firebase-auth:22.0.0] AndroidManifest.xml:70:17-109
153                android:value="com.google.firebase.components.ComponentRegistrar" />
153-->[com.google.firebase:firebase-auth:22.0.0] AndroidManifest.xml:71:17-82
154            <meta-data
154-->[com.google.firebase:firebase-firestore:24.6.0] AndroidManifest.xml:19:13-21:85
155                android:name="com.google.firebase.components:com.google.firebase.firestore.FirestoreRegistrar"
155-->[com.google.firebase:firebase-firestore:24.6.0] AndroidManifest.xml:20:17-111
156                android:value="com.google.firebase.components.ComponentRegistrar" />
156-->[com.google.firebase:firebase-firestore:24.6.0] AndroidManifest.xml:21:17-82
157            <meta-data
157-->[com.google.firebase:firebase-storage:20.2.0] AndroidManifest.xml:32:13-34:85
158                android:name="com.google.firebase.components:com.google.firebase.storage.StorageRegistrar"
158-->[com.google.firebase:firebase-storage:20.2.0] AndroidManifest.xml:33:17-107
159                android:value="com.google.firebase.components.ComponentRegistrar" />
159-->[com.google.firebase:firebase-storage:20.2.0] AndroidManifest.xml:34:17-82
160        </service>
161
162        <activity
162-->[com.google.firebase:firebase-auth:22.0.0] AndroidManifest.xml:29:9-46:20
163            android:name="com.google.firebase.auth.internal.GenericIdpActivity"
163-->[com.google.firebase:firebase-auth:22.0.0] AndroidManifest.xml:30:13-80
164            android:excludeFromRecents="true"
164-->[com.google.firebase:firebase-auth:22.0.0] AndroidManifest.xml:31:13-46
165            android:exported="true"
165-->[com.google.firebase:firebase-auth:22.0.0] AndroidManifest.xml:32:13-36
166            android:launchMode="singleTask"
166-->[com.google.firebase:firebase-auth:22.0.0] AndroidManifest.xml:33:13-44
167            android:theme="@android:style/Theme.Translucent.NoTitleBar" >
167-->[com.google.firebase:firebase-auth:22.0.0] AndroidManifest.xml:34:13-72
168            <intent-filter>
168-->[com.google.firebase:firebase-auth:22.0.0] AndroidManifest.xml:35:13-45:29
169                <action android:name="android.intent.action.VIEW" />
169-->src\main\AndroidManifest.xml:59:17-69
169-->src\main\AndroidManifest.xml:59:25-66
170
171                <category android:name="android.intent.category.DEFAULT" />
171-->src\main\AndroidManifest.xml:61:17-76
171-->src\main\AndroidManifest.xml:61:27-73
172                <category android:name="android.intent.category.BROWSABLE" />
172-->src\main\AndroidManifest.xml:62:17-78
172-->src\main\AndroidManifest.xml:62:27-75
173
174                <data
174-->src\main\AndroidManifest.xml:64:17-75
175                    android:host="firebase.auth"
176                    android:path="/"
177                    android:scheme="genericidp" />
177-->src\main\AndroidManifest.xml:64:23-72
178            </intent-filter>
179        </activity>
180        <activity
180-->[com.google.firebase:firebase-auth:22.0.0] AndroidManifest.xml:47:9-64:20
181            android:name="com.google.firebase.auth.internal.RecaptchaActivity"
181-->[com.google.firebase:firebase-auth:22.0.0] AndroidManifest.xml:48:13-79
182            android:excludeFromRecents="true"
182-->[com.google.firebase:firebase-auth:22.0.0] AndroidManifest.xml:49:13-46
183            android:exported="true"
183-->[com.google.firebase:firebase-auth:22.0.0] AndroidManifest.xml:50:13-36
184            android:launchMode="singleTask"
184-->[com.google.firebase:firebase-auth:22.0.0] AndroidManifest.xml:51:13-44
185            android:theme="@android:style/Theme.Translucent.NoTitleBar" >
185-->[com.google.firebase:firebase-auth:22.0.0] AndroidManifest.xml:52:13-72
186            <intent-filter>
186-->[com.google.firebase:firebase-auth:22.0.0] AndroidManifest.xml:53:13-63:29
187                <action android:name="android.intent.action.VIEW" />
187-->src\main\AndroidManifest.xml:59:17-69
187-->src\main\AndroidManifest.xml:59:25-66
188
189                <category android:name="android.intent.category.DEFAULT" />
189-->src\main\AndroidManifest.xml:61:17-76
189-->src\main\AndroidManifest.xml:61:27-73
190                <category android:name="android.intent.category.BROWSABLE" />
190-->src\main\AndroidManifest.xml:62:17-78
190-->src\main\AndroidManifest.xml:62:27-75
191
192                <data
192-->src\main\AndroidManifest.xml:64:17-75
193                    android:host="firebase.auth"
194                    android:path="/"
195                    android:scheme="recaptcha" />
195-->src\main\AndroidManifest.xml:64:23-72
196            </intent-filter>
197        </activity>
198        <activity
198-->[com.google.android.libraries.places:places:3.1.0] AndroidManifest.xml:15:9-21:20
199            android:name="com.google.android.libraries.places.widget.AutocompleteActivity"
199-->[com.google.android.libraries.places:places:3.1.0] AndroidManifest.xml:16:13-91
200            android:exported="false"
200-->[com.google.android.libraries.places:places:3.1.0] AndroidManifest.xml:17:13-37
201            android:label="@string/places_autocomplete_label"
201-->[com.google.android.libraries.places:places:3.1.0] AndroidManifest.xml:18:13-62
202            android:theme="@style/PlacesAutocompleteOverlay"
202-->[com.google.android.libraries.places:places:3.1.0] AndroidManifest.xml:19:13-61
203            android:windowSoftInputMode="adjustResize" >
203-->[com.google.android.libraries.places:places:3.1.0] AndroidManifest.xml:20:13-55
204        </activity>
205        <activity android:name="com.facebook.CustomTabMainActivity" />
205-->[com.facebook.android:facebook-common:8.2.0] AndroidManifest.xml:34:9-71
205-->[com.facebook.android:facebook-common:8.2.0] AndroidManifest.xml:34:19-68
206        <activity
206-->[com.google.android.gms:play-services-auth:20.5.0] AndroidManifest.xml:23:9-27:75
207            android:name="com.google.android.gms.auth.api.signin.internal.SignInHubActivity"
207-->[com.google.android.gms:play-services-auth:20.5.0] AndroidManifest.xml:24:13-93
208            android:excludeFromRecents="true"
208-->[com.google.android.gms:play-services-auth:20.5.0] AndroidManifest.xml:25:13-46
209            android:exported="false"
209-->[com.google.android.gms:play-services-auth:20.5.0] AndroidManifest.xml:26:13-37
210            android:theme="@android:style/Theme.Translucent.NoTitleBar" />
210-->[com.google.android.gms:play-services-auth:20.5.0] AndroidManifest.xml:27:13-72
211        <!--
212            Service handling Google Sign-In user revocation. For apps that do not integrate with
213            Google Sign-In, this service will never be started.
214        -->
215        <service
215-->[com.google.android.gms:play-services-auth:20.5.0] AndroidManifest.xml:33:9-37:51
216            android:name="com.google.android.gms.auth.api.signin.RevocationBoundService"
216-->[com.google.android.gms:play-services-auth:20.5.0] AndroidManifest.xml:34:13-89
217            android:exported="true"
217-->[com.google.android.gms:play-services-auth:20.5.0] AndroidManifest.xml:35:13-36
218            android:permission="com.google.android.gms.auth.api.signin.permission.REVOCATION_NOTIFICATION"
218-->[com.google.android.gms:play-services-auth:20.5.0] AndroidManifest.xml:36:13-107
219            android:visibleToInstantApps="true" /> <!-- Needs to be explicitly declared on P+ -->
219-->[com.google.android.gms:play-services-auth:20.5.0] AndroidManifest.xml:37:13-48
220        <uses-library
220-->[com.google.android.gms:play-services-maps:17.0.0] AndroidManifest.xml:33:9-35:40
221            android:name="org.apache.http.legacy"
221-->[com.google.android.gms:play-services-maps:17.0.0] AndroidManifest.xml:34:13-50
222            android:required="false" />
222-->[com.google.android.gms:play-services-maps:17.0.0] AndroidManifest.xml:35:13-37
223
224        <activity
224-->[com.google.android.gms:play-services-base:18.0.1] AndroidManifest.xml:20:9-22:45
225            android:name="com.google.android.gms.common.api.GoogleApiActivity"
225-->[com.google.android.gms:play-services-base:18.0.1] AndroidManifest.xml:20:19-85
226            android:exported="false"
226-->[com.google.android.gms:play-services-base:18.0.1] AndroidManifest.xml:22:19-43
227            android:theme="@android:style/Theme.Translucent.NoTitleBar" />
227-->[com.google.android.gms:play-services-base:18.0.1] AndroidManifest.xml:21:19-78
228
229        <provider
229-->[com.google.firebase:firebase-common:20.3.2] AndroidManifest.xml:25:9-30:39
230            android:name="com.google.firebase.provider.FirebaseInitProvider"
230-->[com.google.firebase:firebase-common:20.3.2] AndroidManifest.xml:26:13-77
231            android:authorities="com.example.finans.firebaseinitprovider"
231-->[com.google.firebase:firebase-common:20.3.2] AndroidManifest.xml:27:13-72
232            android:directBootAware="true"
232-->[com.google.firebase:firebase-common:20.3.2] AndroidManifest.xml:28:13-43
233            android:exported="false"
233-->[com.google.firebase:firebase-common:20.3.2] AndroidManifest.xml:29:13-37
234            android:initOrder="100" />
234-->[com.google.firebase:firebase-common:20.3.2] AndroidManifest.xml:30:13-36
235
236        <meta-data
236-->[com.google.android.gms:play-services-basement:18.2.0] AndroidManifest.xml:21:9-23:69
237            android:name="com.google.android.gms.version"
237-->[com.google.android.gms:play-services-basement:18.2.0] AndroidManifest.xml:22:13-58
238            android:value="@integer/google_play_services_version" />
238-->[com.google.android.gms:play-services-basement:18.2.0] AndroidManifest.xml:23:13-66
239        <!--
240         The initialization ContentProvider will call FacebookSdk.sdkInitialize automatically
241         with the application context. This config is merged in with the host app's manifest,
242         but there can only be one provider with the same authority activated at any given
243         point; so if the end user has two or more different apps that use Facebook SDK, only the
244         first one will be able to use the provider. To work around this problem, we use the
245         following placeholder in the authority to identify each host application as if it was
246         a completely different provider.
247        -->
248        <provider
248-->[com.facebook.android:facebook-core:8.2.0] AndroidManifest.xml:39:9-42:40
249            android:name="com.facebook.internal.FacebookInitProvider"
249-->[com.facebook.android:facebook-core:8.2.0] AndroidManifest.xml:40:13-70
250            android:authorities="com.example.finans.FacebookInitProvider"
250-->[com.facebook.android:facebook-core:8.2.0] AndroidManifest.xml:41:13-72
251            android:exported="false" />
251-->[com.facebook.android:facebook-core:8.2.0] AndroidManifest.xml:42:13-37
252
253        <receiver
253-->[com.facebook.android:facebook-core:8.2.0] AndroidManifest.xml:44:9-50:20
254            android:name="com.facebook.CurrentAccessTokenExpirationBroadcastReceiver"
254-->[com.facebook.android:facebook-core:8.2.0] AndroidManifest.xml:45:13-86
255            android:exported="false" >
255-->[com.facebook.android:facebook-core:8.2.0] AndroidManifest.xml:46:13-37
256            <intent-filter>
256-->[com.facebook.android:facebook-core:8.2.0] AndroidManifest.xml:47:13-49:29
257                <action android:name="com.facebook.sdk.ACTION_CURRENT_ACCESS_TOKEN_CHANGED" />
257-->[com.facebook.android:facebook-core:8.2.0] AndroidManifest.xml:48:17-95
257-->[com.facebook.android:facebook-core:8.2.0] AndroidManifest.xml:48:25-92
258            </intent-filter>
259        </receiver>
260
261        <provider
261-->[androidx.emoji2:emoji2:1.2.0] AndroidManifest.xml:24:9-32:20
262            android:name="androidx.startup.InitializationProvider"
262-->[androidx.emoji2:emoji2:1.2.0] AndroidManifest.xml:25:13-67
263            android:authorities="com.example.finans.androidx-startup"
263-->[androidx.emoji2:emoji2:1.2.0] AndroidManifest.xml:26:13-68
264            android:exported="false" >
264-->[androidx.emoji2:emoji2:1.2.0] AndroidManifest.xml:27:13-37
265            <meta-data
265-->[androidx.emoji2:emoji2:1.2.0] AndroidManifest.xml:29:13-31:52
266                android:name="androidx.emoji2.text.EmojiCompatInitializer"
266-->[androidx.emoji2:emoji2:1.2.0] AndroidManifest.xml:30:17-75
267                android:value="androidx.startup" />
267-->[androidx.emoji2:emoji2:1.2.0] AndroidManifest.xml:31:17-49
268            <meta-data
268-->[androidx.lifecycle:lifecycle-process:2.4.1] AndroidManifest.xml:31:13-33:52
269                android:name="androidx.lifecycle.ProcessLifecycleInitializer"
269-->[androidx.lifecycle:lifecycle-process:2.4.1] AndroidManifest.xml:32:17-78
270                android:value="androidx.startup" />
270-->[androidx.lifecycle:lifecycle-process:2.4.1] AndroidManifest.xml:33:17-49
271        </provider>
272        <provider
272-->[com.squareup.picasso:picasso:2.71828] AndroidManifest.xml:8:9-11:40
273            android:name="com.squareup.picasso.PicassoProvider"
273-->[com.squareup.picasso:picasso:2.71828] AndroidManifest.xml:9:13-64
274            android:authorities="com.example.finans.com.squareup.picasso"
274-->[com.squareup.picasso:picasso:2.71828] AndroidManifest.xml:10:13-72
275            android:exported="false" />
275-->[com.squareup.picasso:picasso:2.71828] AndroidManifest.xml:11:13-37
276
277        <service
277-->[com.google.android.datatransport:transport-backend-cct:2.3.0] AndroidManifest.xml:29:9-35:19
278            android:name="com.google.android.datatransport.runtime.backends.TransportBackendDiscovery"
278-->[com.google.android.datatransport:transport-backend-cct:2.3.0] AndroidManifest.xml:30:13-103
279            android:exported="false" >
279-->[com.google.android.datatransport:transport-backend-cct:2.3.0] AndroidManifest.xml:31:13-37
280            <meta-data
280-->[com.google.android.datatransport:transport-backend-cct:2.3.0] AndroidManifest.xml:32:13-34:39
281                android:name="backend:com.google.android.datatransport.cct.CctBackendFactory"
281-->[com.google.android.datatransport:transport-backend-cct:2.3.0] AndroidManifest.xml:33:17-94
282                android:value="cct" />
282-->[com.google.android.datatransport:transport-backend-cct:2.3.0] AndroidManifest.xml:34:17-36
283        </service>
284        <service
284-->[com.google.android.datatransport:transport-runtime:2.2.3] AndroidManifest.xml:26:9-30:19
285            android:name="com.google.android.datatransport.runtime.scheduling.jobscheduling.JobInfoSchedulerService"
285-->[com.google.android.datatransport:transport-runtime:2.2.3] AndroidManifest.xml:27:13-117
286            android:exported="false"
286-->[com.google.android.datatransport:transport-runtime:2.2.3] AndroidManifest.xml:28:13-37
287            android:permission="android.permission.BIND_JOB_SERVICE" >